Línea 146: la clase MSDataGridLib.DataGrid del control grdDataGrid no era una clase de control cargada.
Línea 153: el nombre de la propiedad _ExtentX de grdDataGrid no es válido.
Línea 154: el nombre de la propiedad _ExtentY de grdDataGrid no es válido.
Línea 155: el nombre de la propiedad _Version de grdDataGrid no es válido.
Línea 156: el nombre de la propiedad AllowUpdate de grdDataGrid no es válido.
Línea 157: el nombre de la propiedad HeadLines de grdDataGrid no es válido.
Línea 158: el nombre de la propiedad RowHeight de grdDataGrid no es válido.
Línea 159: el nombre de la propiedad AllowAddNew de grdDataGrid no es válido.
Línea 160: el nombre de la propiedad AllowDelete de grdDataGrid no es válido.
Línea 169: el nombre de la propiedad HeadFont de grdDataGrid no es válido.
Línea 179: el nombre de la propiedad ColumnCount de grdDataGrid no es válido.
Línea 192: el nombre de la propiedad Column00 de grdDataGrid no es válido.
Línea 205: el nombre de la propiedad Column01 de grdDataGrid no es válido.
Línea 206: el nombre de la propiedad SplitCount de grdDataGrid no es válido.
Línea 212: el nombre de la propiedad Split0 de grdDataGrid no es válido.
Línea 153: el nombre de la propiedad _ExtentX de grdDataGrid no es válido.
Línea 154: el nombre de la propiedad _ExtentY de grdDataGrid no es válido.
Línea 155: el nombre de la propiedad _Version de grdDataGrid no es válido.
Línea 156: el nombre de la propiedad AllowUpdate de grdDataGrid no es válido.
Línea 157: el nombre de la propiedad HeadLines de grdDataGrid no es válido.
Línea 158: el nombre de la propiedad RowHeight de grdDataGrid no es válido.
Línea 159: el nombre de la propiedad AllowAddNew de grdDataGrid no es válido.
Línea 160: el nombre de la propiedad AllowDelete de grdDataGrid no es válido.
Línea 169: el nombre de la propiedad HeadFont de grdDataGrid no es válido.
Línea 179: el nombre de la propiedad ColumnCount de grdDataGrid no es válido.
Línea 192: el nombre de la propiedad Column00 de grdDataGrid no es válido.
Línea 205: el nombre de la propiedad Column01 de grdDataGrid no es válido.
Línea 206: el nombre de la propiedad SplitCount de grdDataGrid no es válido.
Línea 212: el nombre de la propiedad Split0 de grdDataGrid no es válido.
