

***********************************************************************
Fatal NI connect error 12224, connecting to:
 (DESCRIPTION=(ADDRESS=(PROTOCOL=TCP)(HOST=192.1.1.1)(PORT=1521))(CONNECT_DATA=(SID=DESICA)(CID=(PROGRAM=F:\Vb6\Proyectos\Tarjetas_Productos_Inv\Tarjetas.exe)(HOST=ADMINISTRADOR)(USER=Administrador))))

  VERSION INFORMATION:
	TNS for 32-bit Windows: Version 8.0.6.0.0 - Production
	Windows NT TCP/IP NT Protocol Adapter for 32-bit Windows: Version 8.0.6.0.0 - Production
  Time: 20-JAN-03 09:41:28
  Tracing not turned on.
  Tns error struct:
    nr err code: 12224
    TNS-12224: TNS:no listener
    ns main err code: 12541
    TNS-12541: TNS:no listener
    ns secondary err code: 12560
    nt main err code: 511
    TNS-00511: No listener
    nt secondary err code: 61
    nt OS err code: 0


***********************************************************************
Fatal NI connect error 12203, connecting to:
 (DESCRIPTION=(ADDRESS_LIST=(ADDRESS=(PROTOCOL=BEQ)(PROGRAM=oracle80)(ARGV0=oracle80ORCL)(ARGS='(DESCRIPTION=(LOCAL=YES)(ADDRESS=(PROTOCOL=beq)))')))(CONNECT_DATA=(SID=ORCL)(CID=(PROGRAM=F:\Vb6\Proyectos\Tarjetas_Productos_Inv\Tarjetas.exe)(HOST=ADMINISTRADOR)(USER=Administrador))))

  VERSION INFORMATION:
	TNS for 32-bit Windows: Version 8.0.6.0.0 - Production
	Oracle Bequeath NT Protocol Adapter for 32-bit Windows: Version 8.0.6.0.0 - Production
  Time: 20-JAN-03 09:41:29
  Tracing not turned on.
  Tns error struct:
    nr err code: 12203
    TNS-12203: TNS:unable to connect to destination
    ns main err code: 12560
    TNS-12560: TNS:protocol adapter error
    ns secondary err code: 0
    nt main err code: 530
    TNS-00530: Protocol adapter error
    nt secondary err code: 0
    nt OS err code: 0


***********************************************************************
Fatal NI connect error 12203, connecting to:
 (DESCRIPTION=(ADDRESS_LIST=(ADDRESS=(PROTOCOL=TCP)(Host=193.168.0.2)(Port=1521)))(CONNECT_DATA=(SID=DES806)(CID=(PROGRAM=C:\Vb6\Proyectos\Tarjetas_Productos_Inv\Tarjetas.exe)(HOST=INFORMATICA1)(USER=hpulgar))))

  VERSION INFORMATION:
	TNS for 32-bit Windows: Version 8.0.6.0.0 - Production
	Windows NT TCP/IP NT Protocol Adapter for 32-bit Windows: Version 8.0.6.0.0 - Production
  Time: 11-JUL-06 08:31:14
  Tracing not turned on.
  Tns error struct:
    nr err code: 12203
    TNS-12203: TNS:no se puede conectar con el destino
    ns main err code: 12541
    TNS-12541: TNS:no hay ningún listener
    ns secondary err code: 12560
    nt main err code: 511
    TNS-00511: No hay listener
    nt secondary err code: 61
    nt OS err code: 0
